This file contains any messages produced by compilers while
running configure, to aid debugging if configure makes a mistake.

It was created by configure, which was
generated by GNU Autoconf 2.63.  Invocation command line was

  $ ./configure 

## --------- ##
## Platform. ##
## --------- ##

hostname = gnehzuil-ThinkPad-X220
uname -m = x86_64
uname -r = 3.2.0-60-generic
uname -s = Linux
uname -v = #91-Ubuntu SMP Wed Feb 19 03:54:44 UTC 2014

/usr/bin/uname -p = unknown
/bin/uname -X     = unknown

/bin/arch              = unknown
/usr/bin/arch -k       = unknown
/usr/convex/getsysinfo = unknown
/usr/bin/hostinfo      = unknown
/bin/machine           = unknown
/usr/bin/oslevel       = unknown
/bin/universe          = unknown

PATH: /usr/lib/lightdm/lightdm
PATH: /usr/local/sbin
PATH: /usr/local/bin
PATH: /usr/sbin
PATH: /usr/bin
PATH: /sbin
PATH: /bin
PATH: /usr/games
PATH: /home/gnehzuil/bin/


## ----------- ##
## Core tests. ##
## ----------- ##

configure:1933: checking for gcc
configure:1949: found /usr/bin/gcc
configure:1960: result: gcc
configure:2192: checking for C compiler version
configure:2200: gcc --version >&5
gcc (Ubuntu/Linaro 4.6.3-1ubuntu5) 4.6.3
Copyright (C) 2011 Free Software Foundation, Inc.
This is free software; see the source for copying conditions.  There is NO
warranty; not even for MERCHANTABILITY or FITNESS FOR A PARTICULAR PURPOSE.

configure:2204: $? = 0
configure:2211: gcc -v >&5
Using built-in specs.
COLLECT_GCC=gcc
COLLECT_LTO_WRAPPER=/usr/lib/gcc/x86_64-linux-gnu/4.6/lto-wrapper
Target: x86_64-linux-gnu
Configured with: ../src/configure -v --with-pkgversion='Ubuntu/Linaro 4.6.3-1ubuntu5' --with-bugurl=file:///usr/share/doc/gcc-4.6/README.Bugs --enable-languages=c,c++,fortran,objc,obj-c++ --prefix=/usr --program-suffix=-4.6 --enable-shared --enable-linker-build-id --with-system-zlib --libexecdir=/usr/lib --without-included-gettext --enable-threads=posix --with-gxx-include-dir=/usr/include/c++/4.6 --libdir=/usr/lib --enable-nls --with-sysroot=/ --enable-clocale=gnu --enable-libstdcxx-debug --enable-libstdcxx-time=yes --enable-gnu-unique-object --enable-plugin --enable-objc-gc --disable-werror --with-arch-32=i686 --with-tune=generic --enable-checking=release --build=x86_64-linux-gnu --host=x86_64-linux-gnu --target=x86_64-linux-gnu
Thread model: posix
gcc version 4.6.3 (Ubuntu/Linaro 4.6.3-1ubuntu5) 
configure:2215: $? = 0
configure:2222: gcc -V >&5
gcc: error: unrecognized option '-V'
gcc: fatal error: no input files
compilation terminated.
configure:2226: $? = 4
configure:2249: checking for C compiler default output file name
configure:2271: gcc    conftest.c  >&5
configure:2275: $? = 0
configure:2313: result: a.out
configure:2332: checking whether the C compiler works
configure:2342: ./a.out
configure:2346: $? = 0
configure:2365: result: yes
configure:2372: checking whether we are cross compiling
configure:2374: result: no
configure:2377: checking for suffix of executables
configure:2384: gcc -o conftest    conftest.c  >&5
configure:2388: $? = 0
configure:2414: result: 
configure:2420: checking for suffix of object files
configure:2446: gcc -c   conftest.c >&5
configure:2450: $? = 0
configure:2475: result: o
configure:2479: checking whether we are using the GNU C compiler
configure:2508: gcc -c   conftest.c >&5
configure:2515: $? = 0
configure:2532: result: yes
configure:2541: checking whether gcc accepts -g
configure:2571: gcc -c -g  conftest.c >&5
configure:2578: $? = 0
configure:2679: result: yes
configure:2696: checking for gcc option to accept ISO C89
configure:2770: gcc  -c -g -O2  conftest.c >&5
configure:2777: $? = 0
configure:2800: result: none needed
configure:2824: checking how to run the C preprocessor
configure:2864: gcc -E  conftest.c
configure:2871: $? = 0
configure:2902: gcc -E  conftest.c
conftest.c:8:28: fatal error: ac_nonexistent.h: No such file or directory
compilation terminated.
configure:2909: $? = 1
configure: failed program was:
| /* confdefs.h.  */
| #define PACKAGE_NAME ""
| #define PACKAGE_TARNAME ""
| #define PACKAGE_VERSION ""
| #define PACKAGE_STRING ""
| #define PACKAGE_BUGREPORT ""
| /* end confdefs.h.  */
| #include <ac_nonexistent.h>
configure:2942: result: gcc -E
configure:2971: gcc -E  conftest.c
configure:2978: $? = 0
configure:3009: gcc -E  conftest.c
conftest.c:8:28: fatal error: ac_nonexistent.h: No such file or directory
compilation terminated.
configure:3016: $? = 1
configure: failed program was:
| /* confdefs.h.  */
| #define PACKAGE_NAME ""
| #define PACKAGE_TARNAME ""
| #define PACKAGE_VERSION ""
| #define PACKAGE_STRING ""
| #define PACKAGE_BUGREPORT ""
| /* end confdefs.h.  */
| #include <ac_nonexistent.h>
configure:3056: checking for grep that handles long lines and -e
configure:3116: result: /bin/grep
configure:3121: checking for egrep
configure:3185: result: /bin/grep -E
configure:3190: checking for ANSI C header files
configure:3220: gcc -c -g -O2  conftest.c >&5
configure:3227: $? = 0
configure:3326: gcc -o conftest -g -O2   conftest.c  >&5
configure:3330: $? = 0
configure:3336: ./conftest
configure:3340: $? = 0
configure:3358: result: yes
configure:3382: checking for sys/types.h
configure:3403: gcc -c -g -O2  conftest.c >&5
configure:3410: $? = 0
configure:3427: result: yes
configure:3382: checking for sys/stat.h
configure:3403: gcc -c -g -O2  conftest.c >&5
configure:3410: $? = 0
configure:3427: result: yes
configure:3382: checking for stdlib.h
configure:3403: gcc -c -g -O2  conftest.c >&5
configure:3410: $? = 0
configure:3427: result: yes
configure:3382: checking for string.h
configure:3403: gcc -c -g -O2  conftest.c >&5
configure:3410: $? = 0
configure:3427: result: yes
configure:3382: checking for memory.h
configure:3403: gcc -c -g -O2  conftest.c >&5
configure:3410: $? = 0
configure:3427: result: yes
configure:3382: checking for strings.h
configure:3403: gcc -c -g -O2  conftest.c >&5
configure:3410: $? = 0
configure:3427: result: yes
configure:3382: checking for inttypes.h
configure:3403: gcc -c -g -O2  conftest.c >&5
configure:3410: $? = 0
configure:3427: result: yes
configure:3382: checking for stdint.h
configure:3403: gcc -c -g -O2  conftest.c >&5
configure:3410: $? = 0
configure:3427: result: yes
configure:3382: checking for unistd.h
configure:3403: gcc -c -g -O2  conftest.c >&5
configure:3410: $? = 0
configure:3427: result: yes
configure:3452: checking minix/config.h usability
configure:3469: gcc -c -g -O2  conftest.c >&5
conftest.c:51:26: fatal error: minix/config.h: No such file or directory
compilation terminated.
configure:3476: $? = 1
configure: failed program was:
| /* confdefs.h.  */
| #define PACKAGE_NAME ""
| #define PACKAGE_TARNAME ""
| #define PACKAGE_VERSION ""
| #define PACKAGE_STRING ""
| #define PACKAGE_BUGREPORT ""
| #define STDC_HEADERS 1
| #define HAVE_SYS_TYPES_H 1
| #define HAVE_SYS_STAT_H 1
| #define HAVE_STDLIB_H 1
| #define HAVE_STRING_H 1
| #define HAVE_MEMORY_H 1
| #define HAVE_STRINGS_H 1
| #define HAVE_INTTYPES_H 1
| #define HAVE_STDINT_H 1
| #define HAVE_UNISTD_H 1
| /* end confdefs.h.  */
| #include <stdio.h>
| #ifdef HAVE_SYS_TYPES_H
| # include <sys/types.h>
| #endif
| #ifdef HAVE_SYS_STAT_H
| # include <sys/stat.h>
| #endif
| #ifdef STDC_HEADERS
| # include <stdlib.h>
| # include <stddef.h>
| #else
| # ifdef HAVE_STDLIB_H
| #  include <stdlib.h>
| # endif
| #endif
| #ifdef HAVE_STRING_H
| # if !defined STDC_HEADERS && defined HAVE_MEMORY_H
| #  include <memory.h>
| # endif
| # include <string.h>
| #endif
| #ifdef HAVE_STRINGS_H
| # include <strings.h>
| #endif
| #ifdef HAVE_INTTYPES_H
| # include <inttypes.h>
| #endif
| #ifdef HAVE_STDINT_H
| # include <stdint.h>
| #endif
| #ifdef HAVE_UNISTD_H
| # include <unistd.h>
| #endif
| #include <minix/config.h>
configure:3490: result: no
configure:3494: checking minix/config.h presence
configure:3509: gcc -E  conftest.c
conftest.c:18:26: fatal error: minix/config.h: No such file or directory
compilation terminated.
configure:3516: $? = 1
configure: failed program was:
| /* confdefs.h.  */
| #define PACKAGE_NAME ""
| #define PACKAGE_TARNAME ""
| #define PACKAGE_VERSION ""
| #define PACKAGE_STRING ""
| #define PACKAGE_BUGREPORT ""
| #define STDC_HEADERS 1
| #define HAVE_SYS_TYPES_H 1
| #define HAVE_SYS_STAT_H 1
| #define HAVE_STDLIB_H 1
| #define HAVE_STRING_H 1
| #define HAVE_MEMORY_H 1
| #define HAVE_STRINGS_H 1
| #define HAVE_INTTYPES_H 1
| #define HAVE_STDINT_H 1
| #define HAVE_UNISTD_H 1
| /* end confdefs.h.  */
| #include <minix/config.h>
configure:3530: result: no
configure:3558: checking for minix/config.h
configure:3565: result: no
configure:3596: checking whether it is safe to define __EXTENSIONS__
configure:3624: gcc -c -g -O2  conftest.c >&5
configure:3631: $? = 0
configure:3646: result: yes
configure:3785: checking build system type
configure:3803: result: x86_64-unknown-linux-gnu
configure:3825: checking host system type
configure:3840: result: x86_64-unknown-linux-gnu
configure:3862: checking target system type
configure:3877: result: x86_64-unknown-linux-gnu
configure:3954: checking for gcc
configure:3981: result: gcc
configure:4213: checking for C compiler version
configure:4221: gcc --version >&5
gcc (Ubuntu/Linaro 4.6.3-1ubuntu5) 4.6.3
Copyright (C) 2011 Free Software Foundation, Inc.
This is free software; see the source for copying conditions.  There is NO
warranty; not even for MERCHANTABILITY or FITNESS FOR A PARTICULAR PURPOSE.

configure:4225: $? = 0
configure:4232: gcc -v >&5
Using built-in specs.
COLLECT_GCC=gcc
COLLECT_LTO_WRAPPER=/usr/lib/gcc/x86_64-linux-gnu/4.6/lto-wrapper
Target: x86_64-linux-gnu
Configured with: ../src/configure -v --with-pkgversion='Ubuntu/Linaro 4.6.3-1ubuntu5' --with-bugurl=file:///usr/share/doc/gcc-4.6/README.Bugs --enable-languages=c,c++,fortran,objc,obj-c++ --prefix=/usr --program-suffix=-4.6 --enable-shared --enable-linker-build-id --with-system-zlib --libexecdir=/usr/lib --without-included-gettext --enable-threads=posix --with-gxx-include-dir=/usr/include/c++/4.6 --libdir=/usr/lib --enable-nls --with-sysroot=/ --enable-clocale=gnu --enable-libstdcxx-debug --enable-libstdcxx-time=yes --enable-gnu-unique-object --enable-plugin --enable-objc-gc --disable-werror --with-arch-32=i686 --with-tune=generic --enable-checking=release --build=x86_64-linux-gnu --host=x86_64-linux-gnu --target=x86_64-linux-gnu
Thread model: posix
gcc version 4.6.3 (Ubuntu/Linaro 4.6.3-1ubuntu5) 
configure:4236: $? = 0
configure:4243: gcc -V >&5
gcc: error: unrecognized option '-V'
gcc: fatal error: no input files
compilation terminated.
configure:4247: $? = 4
configure:4250: checking whether we are using the GNU C compiler
configure:4303: result: yes
configure:4312: checking whether gcc accepts -g
configure:4450: result: yes
configure:4467: checking for gcc option to accept ISO C89
configure:4571: result: none needed
configure:4647: checking for g++
configure:4663: found /usr/bin/g++
configure:4674: result: g++
configure:4701: checking for C++ compiler version
configure:4709: g++ --version >&5
g++ (Ubuntu/Linaro 4.6.3-1ubuntu5) 4.6.3
Copyright (C) 2011 Free Software Foundation, Inc.
This is free software; see the source for copying conditions.  There is NO
warranty; not even for MERCHANTABILITY or FITNESS FOR A PARTICULAR PURPOSE.

configure:4713: $? = 0
configure:4720: g++ -v >&5
Using built-in specs.
COLLECT_GCC=g++
COLLECT_LTO_WRAPPER=/usr/lib/gcc/x86_64-linux-gnu/4.6/lto-wrapper
Target: x86_64-linux-gnu
Configured with: ../src/configure -v --with-pkgversion='Ubuntu/Linaro 4.6.3-1ubuntu5' --with-bugurl=file:///usr/share/doc/gcc-4.6/README.Bugs --enable-languages=c,c++,fortran,objc,obj-c++ --prefix=/usr --program-suffix=-4.6 --enable-shared --enable-linker-build-id --with-system-zlib --libexecdir=/usr/lib --without-included-gettext --enable-threads=posix --with-gxx-include-dir=/usr/include/c++/4.6 --libdir=/usr/lib --enable-nls --with-sysroot=/ --enable-clocale=gnu --enable-libstdcxx-debug --enable-libstdcxx-time=yes --enable-gnu-unique-object --enable-plugin --enable-objc-gc --disable-werror --with-arch-32=i686 --with-tune=generic --enable-checking=release --build=x86_64-linux-gnu --host=x86_64-linux-gnu --target=x86_64-linux-gnu
Thread model: posix
gcc version 4.6.3 (Ubuntu/Linaro 4.6.3-1ubuntu5) 
configure:4724: $? = 0
configure:4731: g++ -V >&5
g++: error: unrecognized option '-V'
g++: fatal error: no input files
compilation terminated.
configure:4735: $? = 4
configure:4738: checking whether we are using the GNU C++ compiler
configure:4767: g++ -c   conftest.cpp >&5
configure:4774: $? = 0
configure:4791: result: yes
configure:4800: checking whether g++ accepts -g
configure:4830: g++ -c -g  conftest.cpp >&5
configure:4837: $? = 0
configure:4938: result: yes
configure:4961: checking for ANSI C header files
configure:5129: result: yes
configure:5144: checking for string.h
configure:5151: result: yes
configure:5295: checking for main in -lXbsd
configure:5324: gcc -o conftest -g -O2   conftest.c -lXbsd   >&5
/usr/bin/ld: cannot find -lXbsd
collect2: ld returned 1 exit status
configure:5331: $? = 1
configure: failed program was:
| /* confdefs.h.  */
| #define PACKAGE_NAME ""
| #define PACKAGE_TARNAME ""
| #define PACKAGE_VERSION ""
| #define PACKAGE_STRING ""
| #define PACKAGE_BUGREPORT ""
| #define STDC_HEADERS 1
| #define HAVE_SYS_TYPES_H 1
| #define HAVE_SYS_STAT_H 1
| #define HAVE_STDLIB_H 1
| #define HAVE_STRING_H 1
| #define HAVE_MEMORY_H 1
| #define HAVE_STRINGS_H 1
| #define HAVE_INTTYPES_H 1
| #define HAVE_STDINT_H 1
| #define HAVE_UNISTD_H 1
| #define __EXTENSIONS__ 1
| #define _ALL_SOURCE 1
| #define _GNU_SOURCE 1
| #define _POSIX_PTHREAD_SEMANTICS 1
| #define _TANDEM_SOURCE 1
| #define STDC_HEADERS 1
| #define HAVE_STRING_H 1
| /* end confdefs.h.  */
| 
| 
| int
| main ()
| {
| return main ();
|   ;
|   return 0;
| }
configure:5352: result: no
configure:5358: checking for socket in -lsocket
configure:5393: gcc -o conftest -g -O2   conftest.c -lsocket   >&5
/usr/bin/ld: cannot find -lsocket
collect2: ld returned 1 exit status
configure:5400: $? = 1
configure: failed program was:
| /* confdefs.h.  */
| #define PACKAGE_NAME ""
| #define PACKAGE_TARNAME ""
| #define PACKAGE_VERSION ""
| #define PACKAGE_STRING ""
| #define PACKAGE_BUGREPORT ""
| #define STDC_HEADERS 1
| #define HAVE_SYS_TYPES_H 1
| #define HAVE_SYS_STAT_H 1
| #define HAVE_STDLIB_H 1
| #define HAVE_STRING_H 1
| #define HAVE_MEMORY_H 1
| #define HAVE_STRINGS_H 1
| #define HAVE_INTTYPES_H 1
| #define HAVE_STDINT_H 1
| #define HAVE_UNISTD_H 1
| #define __EXTENSIONS__ 1
| #define _ALL_SOURCE 1
| #define _GNU_SOURCE 1
| #define _POSIX_PTHREAD_SEMANTICS 1
| #define _TANDEM_SOURCE 1
| #define STDC_HEADERS 1
| #define HAVE_STRING_H 1
| /* end confdefs.h.  */
| 
| /* Override any GCC internal prototype to avoid an error.
|    Use char because int might match the return type of a GCC
|    builtin and then its argument prototype would still apply.  */
| #ifdef __cplusplus
| extern "C"
| #endif
| char socket ();
| int
| main ()
| {
| return socket ();
|   ;
|   return 0;
| }
configure:5421: result: no
configure:5427: checking for gethostbyname in -lnsl
configure:5462: gcc -o conftest -g -O2   conftest.c -lnsl   >&5
configure:5469: $? = 0
configure:5490: result: yes
configure:5496: checking for dcgettext in -lintl
configure:5531: gcc -o conftest -g -O2   conftest.c -lintl   >&5
conftest.c:32:6: warning: conflicting types for built-in function 'dcgettext' [enabled by default]
/usr/bin/ld: cannot find -lintl
collect2: ld returned 1 exit status
configure:5538: $? = 1
configure: failed program was:
| /* confdefs.h.  */
| #define PACKAGE_NAME ""
| #define PACKAGE_TARNAME ""
| #define PACKAGE_VERSION ""
| #define PACKAGE_STRING ""
| #define PACKAGE_BUGREPORT ""
| #define STDC_HEADERS 1
| #define HAVE_SYS_TYPES_H 1
| #define HAVE_SYS_STAT_H 1
| #define HAVE_STDLIB_H 1
| #define HAVE_STRING_H 1
| #define HAVE_MEMORY_H 1
| #define HAVE_STRINGS_H 1
| #define HAVE_INTTYPES_H 1
| #define HAVE_STDINT_H 1
| #define HAVE_UNISTD_H 1
| #define __EXTENSIONS__ 1
| #define _ALL_SOURCE 1
| #define _GNU_SOURCE 1
| #define _POSIX_PTHREAD_SEMANTICS 1
| #define _TANDEM_SOURCE 1
| #define STDC_HEADERS 1
| #define HAVE_STRING_H 1
| /* end confdefs.h.  */
| 
| /* Override any GCC internal prototype to avoid an error.
|    Use char because int might match the return type of a GCC
|    builtin and then its argument prototype would still apply.  */
| #ifdef __cplusplus
| extern "C"
| #endif
| char dcgettext ();
| int
| main ()
| {
| return dcgettext ();
|   ;
|   return 0;
| }
configure:5559: result: no
configure:5565: checking for getnodebyname in -ldnet_stub
configure:5600: gcc -o conftest -g -O2   conftest.c -ldnet_stub   >&5
/usr/bin/ld: cannot find -ldnet_stub
collect2: ld returned 1 exit status
configure:5607: $? = 1
configure: failed program was:
| /* confdefs.h.  */
| #define PACKAGE_NAME ""
| #define PACKAGE_TARNAME ""
| #define PACKAGE_VERSION ""
| #define PACKAGE_STRING ""
| #define PACKAGE_BUGREPORT ""
| #define STDC_HEADERS 1
| #define HAVE_SYS_TYPES_H 1
| #define HAVE_SYS_STAT_H 1
| #define HAVE_STDLIB_H 1
| #define HAVE_STRING_H 1
| #define HAVE_MEMORY_H 1
| #define HAVE_STRINGS_H 1
| #define HAVE_INTTYPES_H 1
| #define HAVE_STDINT_H 1
| #define HAVE_UNISTD_H 1
| #define __EXTENSIONS__ 1
| #define _ALL_SOURCE 1
| #define _GNU_SOURCE 1
| #define _POSIX_PTHREAD_SEMANTICS 1
| #define _TANDEM_SOURCE 1
| #define STDC_HEADERS 1
| #define HAVE_STRING_H 1
| /* end confdefs.h.  */
| 
| /* Override any GCC internal prototype to avoid an error.
|    Use char because int might match the return type of a GCC
|    builtin and then its argument prototype would still apply.  */
| #ifdef __cplusplus
| extern "C"
| #endif
| char getnodebyname ();
| int
| main ()
| {
| return getnodebyname ();
|   ;
|   return 0;
| }
configure:5628: result: no
configure:5674: checking that g++ can handle -O2
configure:5705: gcc -c -g -O2  conftest.c >&5
conftest.c: In function 'main':
conftest.c:31:3: error: 'error' undeclared (first use in this function)
conftest.c:31:3: note: each undeclared identifier is reported only once for each function it appears in
conftest.c:35:3: error: expected ';' before 'int'
configure:5712: $? = 1
configure: failed program was:
| /* confdefs.h.  */
| #define PACKAGE_NAME ""
| #define PACKAGE_TARNAME ""
| #define PACKAGE_VERSION ""
| #define PACKAGE_STRING ""
| #define PACKAGE_BUGREPORT ""
| #define STDC_HEADERS 1
| #define HAVE_SYS_TYPES_H 1
| #define HAVE_SYS_STAT_H 1
| #define HAVE_STDLIB_H 1
| #define HAVE_STRING_H 1
| #define HAVE_MEMORY_H 1
| #define HAVE_STRINGS_H 1
| #define HAVE_INTTYPES_H 1
| #define HAVE_STDINT_H 1
| #define HAVE_UNISTD_H 1
| #define __EXTENSIONS__ 1
| #define _ALL_SOURCE 1
| #define _GNU_SOURCE 1
| #define _POSIX_PTHREAD_SEMANTICS 1
| #define _TANDEM_SOURCE 1
| #define STDC_HEADERS 1
| #define HAVE_STRING_H 1
| /* end confdefs.h.  */
| 
| int
| main ()
| {
| #if __GNUC__ < 2  || __GNUC_MINOR__ < 8
| 		/* gcc */
| 		error
| 		#endif
| 		#if __GNUC_MINOR__ < 92
| 		/* egcs */
| 		int error;
| 		#endif
| 
|   ;
|   return 0;
| }
configure:5725: result: no
configure:5841: checking if C++ libraries work without any namespace
configure:5867: g++ -c -g -O2  conftest.cpp >&5
conftest.cpp: In function 'int main()':
conftest.cpp:30:1: error: 'cout' was not declared in this scope
conftest.cpp:30:1: note: suggested alternative:
/usr/include/c++/4.6/iostream:62:18: note:   'std::cout'
configure:5874: $? = 1
configure: failed program was:
| /* confdefs.h.  */
| #define PACKAGE_NAME ""
| #define PACKAGE_TARNAME ""
| #define PACKAGE_VERSION ""
| #define PACKAGE_STRING ""
| #define PACKAGE_BUGREPORT ""
| #define STDC_HEADERS 1
| #define HAVE_SYS_TYPES_H 1
| #define HAVE_SYS_STAT_H 1
| #define HAVE_STDLIB_H 1
| #define HAVE_STRING_H 1
| #define HAVE_MEMORY_H 1
| #define HAVE_STRINGS_H 1
| #define HAVE_INTTYPES_H 1
| #define HAVE_STDINT_H 1
| #define HAVE_UNISTD_H 1
| #define __EXTENSIONS__ 1
| #define _ALL_SOURCE 1
| #define _GNU_SOURCE 1
| #define _POSIX_PTHREAD_SEMANTICS 1
| #define _TANDEM_SOURCE 1
| #define STDC_HEADERS 1
| #define HAVE_STRING_H 1
| /* end confdefs.h.  */
| #include <iostream>
| 
| int
| main ()
| {
| cout.fail();
| 
|   ;
|   return 0;
| }
configure:5887: result: no
configure:5896: checking if C++ libraries work with namespace std
configure:5922: g++ -c -g -O2  conftest.cpp >&5
configure:5929: $? = 0
configure:5934: result: yes
configure:5952: checking if STL works without any namespace
configure:5977: g++ -c -g -O2  conftest.cpp >&5
conftest.cpp: In function 'int main()':
conftest.cpp:30:1: error: 'list' was not declared in this scope
conftest.cpp:30:1: note: suggested alternative:
/usr/include/c++/4.6/bits/stl_list.h:429:11: note:   'std::list'
conftest.cpp:30:6: error: expected primary-expression before 'int'
conftest.cpp:30:6: error: expected ';' before 'int'
configure:5984: $? = 1
configure: failed program was:
| /* confdefs.h.  */
| #define PACKAGE_NAME ""
| #define PACKAGE_TARNAME ""
| #define PACKAGE_VERSION ""
| #define PACKAGE_STRING ""
| #define PACKAGE_BUGREPORT ""
| #define STDC_HEADERS 1
| #define HAVE_SYS_TYPES_H 1
| #define HAVE_SYS_STAT_H 1
| #define HAVE_STDLIB_H 1
| #define HAVE_STRING_H 1
| #define HAVE_MEMORY_H 1
| #define HAVE_STRINGS_H 1
| #define HAVE_INTTYPES_H 1
| #define HAVE_STDINT_H 1
| #define HAVE_UNISTD_H 1
| #define __EXTENSIONS__ 1
| #define _ALL_SOURCE 1
| #define _GNU_SOURCE 1
| #define _POSIX_PTHREAD_SEMANTICS 1
| #define _TANDEM_SOURCE 1
| #define STDC_HEADERS 1
| #define HAVE_STRING_H 1
| /* end confdefs.h.  */
| #include <list>
| 
| int
| main ()
| {
| list<int> test;
| 
|   ;
|   return 0;
| }
configure:5997: result: no
configure:6006: checking if STL works with namespace std
configure:6032: g++ -c -g -O2  conftest.cpp >&5
configure:6039: $? = 0
configure:6044: result: yes
configure:6123: checking should use STL
configure:6147: result: yes
configure:6394: checking for tcl.h
configure:6432: result: no
configure:6453: checking for tclInt.h
configure:6491: result: no
configure:6512: checking for libtcl8.4
configure:6557: result: no
configure:6582: checking for init.tcl
configure:6615: result: no
configure:6638: checking for http.tcl
configure:6671: result: no
configure:6682: checking Tcl http.tcl library
configure:6689: error: Couldn't find http.tcl in  	 	/http 	/http2.4 	/http2.3 	/http2.1 	/http2.0 	/http1.0 	

## ---------------- ##
## Cache variables. ##
## ---------------- ##

ac_cv_build=x86_64-unknown-linux-gnu
ac_cv_c_compiler_gnu=yes
ac_cv_cxx_compiler_gnu=yes
ac_cv_env_CCC_set=
ac_cv_env_CCC_value=
ac_cv_env_CC_set=
ac_cv_env_CC_value=
ac_cv_env_CFLAGS_set=
ac_cv_env_CFLAGS_value=
ac_cv_env_CPPFLAGS_set=
ac_cv_env_CPPFLAGS_value=
ac_cv_env_CPP_set=
ac_cv_env_CPP_value=
ac_cv_env_CXXFLAGS_set=
ac_cv_env_CXXFLAGS_value=
ac_cv_env_CXX_set=
ac_cv_env_CXX_value=
ac_cv_env_LDFLAGS_set=
ac_cv_env_LDFLAGS_value=
ac_cv_env_LIBS_set=
ac_cv_env_LIBS_value=
ac_cv_env_build_alias_set=
ac_cv_env_build_alias_value=
ac_cv_env_host_alias_set=
ac_cv_env_host_alias_value=
ac_cv_env_target_alias_set=
ac_cv_env_target_alias_value=
ac_cv_header_inttypes_h=yes
ac_cv_header_memory_h=yes
ac_cv_header_minix_config_h=no
ac_cv_header_stdc=yes
ac_cv_header_stdint_h=yes
ac_cv_header_stdlib_h=yes
ac_cv_header_string_h=yes
ac_cv_header_strings_h=yes
ac_cv_header_sys_stat_h=yes
ac_cv_header_sys_types_h=yes
ac_cv_header_unistd_h=yes
ac_cv_host=x86_64-unknown-linux-gnu
ac_cv_lib_Xbsd_main=no
ac_cv_lib_dnet_stub_getnodebyname=no
ac_cv_lib_intl_dcgettext=no
ac_cv_lib_nsl_gethostbyname=yes
ac_cv_lib_socket_socket=no
ac_cv_objext=o
ac_cv_path_EGREP='/bin/grep -E'
ac_cv_path_GREP=/bin/grep
ac_cv_prog_CPP='gcc -E'
ac_cv_prog_ac_ct_CC=gcc
ac_cv_prog_ac_ct_CXX=g++
ac_cv_prog_cc_c89=
ac_cv_prog_cc_g=yes
ac_cv_prog_cxx_g=yes
ac_cv_safe_to_define___extensions__=yes
ac_cv_target=x86_64-unknown-linux-gnu

## ----------------- ##
## Output variables. ##
## ----------------- ##

CC='gcc'
CFLAGS='-g -O2'
CPP='gcc -E'
CPPFLAGS=''
CPP_NAMESPACE='std'
CXX='g++'
CXXFLAGS='-g -O2'
DEFS=''
DL_LD_FLAGS=''
DL_LD_SEARCH_FLAGS=''
DL_LIBS=''
ECHO_C=''
ECHO_N='-n'
ECHO_T=''
EGREP='/bin/grep -E'
EXEEXT=''
GREP='/bin/grep'
INSTALL_DATA=''
INSTALL_PROGRAM=''
INSTALL_SCRIPT=''
LDFLAGS=''
LIBOBJS=''
LIBS=''
LTLIBOBJS=''
NSLIB=''
OBJEXT='o'
PACKAGE_BUGREPORT=''
PACKAGE_NAME=''
PACKAGE_STRING=''
PACKAGE_TARNAME=''
PACKAGE_VERSION=''
PATH_SEPARATOR=':'
PERL=''
PKG_SHLIB_CFLAGS=''
SHELL='/bin/bash'
SHLIB_CFLAGS=''
SHLIB_LD=''
SHLIB_LD_LIBS=''
SHLIB_SUFFIX=''
V_ALL=''
V_AR='ar cr'
V_BROKEN_OBJ='strtol.o strtoul.o'
V_CCOPT=' -Wall -Wno-write-strings'
V_DEFINE=' -DNDEBUG'
V_DEFINES=''
V_IMPORT_LIBS=''
V_INCLUDE=''
V_INCLUDES=''
V_INCLUDE_X11=''
V_LIB=' -lnsl'
V_LIBRARY_TCL=''
V_LIBRARY_TK=''
V_LIBS=''
V_LIB_OTCL=''
V_LIB_TCL=''
V_LIB_TCLCL=''
V_LIB_TK=''
V_LIB_X11=''
V_LSSCRIPT=''
V_NS_TCL_LIB_STL='$(NS_TCL_LIB_STL)'
V_OBJ=''
V_OBJ_CRYPT=''
V_RANLIB='ranlib'
V_SHELL=''
V_SIGRET='void'
V_STATIC=''
V_STLOBJ='$(OBJ_STL)'
V_TARCMD='tar cfh'
V_TAR_EXTRA=''
V_TAR_TARGET=''
V_TCL2CPP=''
V_TCLSH=''
V_TCL_LIBRARY_FILES=''
V_TKDOSNAMES=''
ac_ct_CC='gcc'
ac_ct_CXX='g++'
bindir='${exec_prefix}/bin'
build='x86_64-unknown-linux-gnu'
build_alias=''
build_cpu='x86_64'
build_nse=''
build_os='linux-gnu'
build_vendor='unknown'
datadir='${datarootdir}'
datarootdir='${prefix}/share'
docdir='${datarootdir}/doc/${PACKAGE}'
dvidir='${docdir}'
exec_prefix='NONE'
host='x86_64-unknown-linux-gnu'
host_alias=''
host_cpu='x86_64'
host_os='linux-gnu'
host_vendor='unknown'
htmldir='${docdir}'
includedir='${prefix}/include'
infodir='${datarootdir}/info'
libdir='${exec_prefix}/lib'
libexecdir='${exec_prefix}/libexec'
localedir='${datarootdir}/locale'
localstatedir='${prefix}/var'
mandir='${datarootdir}/man'
oldincludedir='/usr/include'
pdfdir='${docdir}'
prefix='NONE'
program_transform_name='s,x,x,'
psdir='${docdir}'
sbindir='${exec_prefix}/sbin'
sharedstatedir='${prefix}/com'
sysconfdir='${prefix}/etc'
target='x86_64-unknown-linux-gnu'
target_alias=''
target_cpu='x86_64'
target_os='linux-gnu'
target_vendor='unknown'

## ----------- ##
## confdefs.h. ##
## ----------- ##

#define PACKAGE_NAME ""
#define PACKAGE_TARNAME ""
#define PACKAGE_VERSION ""
#define PACKAGE_STRING ""
#define PACKAGE_BUGREPORT ""
#define STDC_HEADERS 1
#define HAVE_SYS_TYPES_H 1
#define HAVE_SYS_STAT_H 1
#define HAVE_STDLIB_H 1
#define HAVE_STRING_H 1
#define HAVE_MEMORY_H 1
#define HAVE_STRINGS_H 1
#define HAVE_INTTYPES_H 1
#define HAVE_STDINT_H 1
#define HAVE_UNISTD_H 1
#define __EXTENSIONS__ 1
#define _ALL_SOURCE 1
#define _GNU_SOURCE 1
#define _POSIX_PTHREAD_SEMANTICS 1
#define _TANDEM_SOURCE 1
#define STDC_HEADERS 1
#define HAVE_STRING_H 1
#define HAVE_STL 1
#define CPP_REQUIRES_NAMESPACE 1

configure: exit 1
