BUILD: Computing Include file dependencies:
BUILD: Examining c:\uobwinaodv-0.1\driver directory for files to compile.
Compiling c:\uobwinaodv-0.1\driver directory ********************
'nmake.exe /c BUILDMSG=Stop. -i NTTEST= UMTEST= NOLINK=1 NOPASS0=1 386=1'
cl -nologo -Ii386\ -I. -IC:\WINDDK\2600~1.110\inc\mfc42 -I..\B2Winet -Iobjchk_wxp_x86\i386 -IC:\WINDDK\2600~1.110\inc\wxp -IC:\WINDDK\2600~1.110\inc\wxp -IC:\WINDDK\2600~1.110\inc\ddk\wxp -IC:\WINDDK\2600~1.110\inc\ddk\wdm\wxp -IC:\WINDDK\2600~1.110\inc\crt -D_X86_=1 -Di386=1  -DSTD_CALL -DCONDITION_HANDLING=1   -DNT_INST=0 -DWIN32=100 -D_NT1X_=100 -DWINNT=1 -D_WIN32_WINNT=0x0501 /DWINVER=0x0501 -D_WIN32_IE=0x0600    -DWIN32_LEAN_AND_MEAN=1 -DDBG=1 -DDEVL=1 -D__BUILDMACHINE__=WinDDK -DFPO=0  -DNDEBUG -D_DLL=1  -DNDIS_MINIPORT_DRIVER -DNDIS_WDM=1 -DNDIS51_MINIPORT=1 -DNDIS51=1     /c /Zel /Zp8 /Gy -cbstring /W3 /WX /Gz  /QIfdiv- /QIf /G6 /Gi- /Gm- /GX-  /GR- /GF  -Z7 /Od /Oi /Oy-   -FIC:\WINDDK\2600~1.110\inc\wxp\warning.h  /Yuprecomp.h /Fpobjchk_wxp_x86\i386\precomp.pch .\filter.c 
filter.c

Stop.
Linking c:\uobwinaodv-0.1\driver directory ********************
'nmake.exe /c BUILDMSG=Stop. -i LINKONLY=1 NOPASS0=1 NTTEST= UMTEST= 386=1'
	link -out:objchk_wxp_x86\i386\passthru.sys -machine:ix86 @C:\DOCUME~1\asangau\LOCALS~1\Temp\nma04024.
Microsoft (R) Incremental Linker Version 7.00.9210
Copyright (C) Microsoft Corporation.  All rights reserved.

-MERGE:_PAGE=PAGE 
-MERGE:_TEXT=.text 
-SECTION:INIT,d 
-OPT:REF 
-OPT:ICF 
-IGNORE:4010,4037,4039,4065,4070,4078,4087,4089,4198,4221 
-INCREMENTAL:NO 
-FULLBUILD 
/release 
-NODEFAULTLIB 
/WX 
-debug:FULL 
-debugtype:cv 
-version:5.1 
-osversion:5.1 
/opt:nowin98 
-STACK:0x40000,0x1000 
-map 
-driver 
-base:0x10000 
-align:0x80 
-subsystem:native,5.01 
-entry:DriverEntry@8 
-out:objchk_wxp_x86\i386\passthru.sys 
objchk_wxp_x86\i386\precomp.obj 
objchk_wxp_x86\i386\passthru.res 
objchk_wxp_x86\i386\miniport.obj 
objchk_wxp_x86\i386\passthru.obj 
objchk_wxp_x86\i386\protocol.obj 
objchk_wxp_x86\i386\ptextend.obj 
objchk_wxp_x86\i386\filter.obj 
C:\WINDDK\2600~1.110\lib\wxp\i386\ntoskrnl.lib 
C:\WINDDK\2600~1.110\lib\wxp\i386\hal.lib 
C:\WINDDK\2600~1.110\lib\wxp\i386\wmilib.lib 
C:\WINDDK\2600~1.110\lib\wxp\i386\ndis.lib 
	mapsym -o objchk_wxp_x86\i386\passthru.sym objchk_wxp_x86\i386\passthru.map
Microsoft (R) Symbol File Generator NTGroup Version 6.02
Copyright (C) Microsoft Corp 1984 - 1996.  All rights reserved.
Line number support enabled
Program entry point at 0004:0012
Skip Binplace:

Stop.
